<?xml version="1.0" encoding="UTF-8"?>
<!-- Generated by org.testng.reporters.JUnitXMLReporter -->
<testsuite ignored="0" hostname="KESHAV-AC0275" failures="0" tests="3" name="ChromeTest" time="16.7" errors="0" timestamp="2025-06-25T15:51:12 IST">
  <testcase classname="testngsuite.VendorTests" name="testNavigateToVendors" time="1.371"/>
  <testcase classname="testngsuite.VendorTests" name="testExtractVendors" time="5.588"/>
  <testcase classname="testngsuite.VendorTests" name="testSaveCsv" time="0.0"/>
</testsuite> <!-- ChromeTest -->
