<?xml version="1.0" encoding="UTF-8"?>
<!-- Generated by org.testng.reporters.JUnitXMLReporter -->
<testsuite ignored="0" hostname="KESHAV-AC0275" failures="0" tests="6" name="HobbyClubTest" time="64.934" errors="0" timestamp="2025-06-27T19:12:00 IST">
  <testcase classname="testngsuite.HobbyClubTest" name="testPostBuzzInFirstClub" time="4.911"/>
  <testcase classname="testngsuite.HobbyClubTest" name="testPostAudioBuzz" time="8.017"/>
  <testcase classname="testngsuite.HobbyClubTest" name="testPostVideoBuzz" time="5.561"/>
  <testcase classname="testngsuite.HobbyClubTest" name="testPostBuzzAndClickLike" time="4.729"/>
  <testcase classname="testngsuite.HobbyClubTest" name="testPostBuzzAndComment" time="6.193"/>
  <testcase classname="testngsuite.HobbyClubTest" name="testCommentAndDeleteExistingPost" time="19.344"/>
</testsuite> <!-- HobbyClubTest -->
