<?xml version="1.0" encoding="UTF-8"?>
<!-- Generated by org.testng.reporters.JUnitXMLReporter -->
<testsuite ignored="4" hostname="KESHAV-AC0275" failures="0" tests="1" name="Default test" time="16.487" errors="0" timestamp="2025-06-27T16:57:44 IST">
  <testcase classname="testngsuite.HobbyClubTest" name="testPostBuzzInFirstClub" time="4.729"/>
  <testcase classname="testngsuite.HobbyClubTest" name="verifyAllPostsAfterReload" time="0.0">
    <ignored/>
  </testcase> <!-- verifyAllPostsAfterReload -->
  <testcase classname="testngsuite.HobbyClubTest" name="testVerifyClubListingAndDetailMatch" time="0.0">
    <ignored/>
  </testcase> <!-- testVerifyClubListingAndDetailMatch -->
  <testcase classname="testngsuite.HobbyClubTest" name="testPostAudioBuzz" time="0.0">
    <ignored/>
  </testcase> <!-- testPostAudioBuzz -->
  <testcase classname="testngsuite.HobbyClubTest" name="testPostVideoBuzz" time="0.0">
    <ignored/>
  </testcase> <!-- testPostVideoBuzz -->
</testsuite> <!-- Default test -->
