<?xml version="1.0" encoding="UTF-8"?>
<!-- Generated by org.testng.reporters.JUnitXMLReporter -->
<testsuite ignored="0" hostname="KESHAV-AC0275" failures="7" tests="11" name="All Hobby Club Tests" time="305.164" errors="0" timestamp="2025-07-01T11:26:16 IST">
  <testcase classname="testngsuite.HobbyClubTest" name="testVerifyClubListingAndDetailMatch" time="110.98"/>
  <testcase classname="testngsuite.HobbyClubTest" name="testPostBuzzInFirstClub" time="23.281">
    <failure type="java.lang.AssertionError" message="❌ Post time is not within 5 minutes. expected [true] but found [false]">
      <![CDATA[java.lang.AssertionError: ❌ Post time is not within 5 minutes. expected [true] but found [false]
at pages.HobbyClubPage.verifyLastTextPost(HobbyClubPage.java:259)
at testngsuite.HobbyClubTest.testPostBuzzInFirstClub(HobbyClubTest.java:112)
at java.base/java.util.ArrayList.forEach(ArrayList.java:1596)
... Removed 28 stack frames]]>
    </failure>
  </testcase> <!-- testPostBuzzInFirstClub -->
  <testcase classname="testngsuite.HobbyClubTest" name="testPostAudioBuzz" time="0.443">
    <failure type="java.lang.AssertionError" message="❌ Failed to post audio: invalid argument: File not found : C:\Users\Keshav Srivastava\eclipse-workspace\testing\src\test\resources\sample_audio.mp3
  (Session info: chrome=138.0.7204.50)
Build info: version: &amp;apos;4.14.0&amp;apos;, revision: &amp;apos;e5a96349ce&amp;apos;
System info: os.name: &amp;apos;Windows 11&amp;apos;, os.arch: &amp;apos;amd64&amp;apos;, os.version: &amp;apos;10.0&amp;apos;, java.version: &amp;apos;21.0.7&amp;apos;
Driver info: org.openqa.selenium.remote.RemoteWebDriver
Command: [a0bf9cf8668db09619d846a6a1e893ea, sendKeysToElement {id=f.923B87B2670ED39613D9D8E9984C4781.d.F2A924E8B4A58FAAB458B841C0130ED5.e.476, value=[Ljava.lang.CharSequence;@6e43ddd6}]
Capabilities {acceptInsecureCerts: false, browserName: chrome, browserVersion: 138.0.7204.50, chrome: {chromedriverVersion: 138.0.7204.50 (0d4712a3edf9..., userDataDir: C:\Windows\SystemTemp\scope...}, fedcm:accounts: true, goog:chromeOptions: {debuggerAddress: localhost:9225}, networkConnectionEnabled: false, pageLoadStrategy: normal, platformName: windows, proxy: Proxy(), setWindowRect: true, strictFileInteractability: false, timeouts: {implicit: 0, pageLoad: 300000, script: 30000}, unhandledPromptBehavior: dismiss and notify, webauthn:extension:credBlob: true, webauthn:extension:largeBlob: true, webauthn:extension:minPinLength: true, webauthn:extension:prf: true, webauthn:virtualAuthenticators: true}
Element: [[RemoteWebDriver: chrome on windows (a0bf9cf8668db09619d846a6a1e893ea)] -&amp;gt; css selector: input[type=&amp;apos;file&amp;apos;]]
Session ID: a0bf9cf8668db09619d846a6a1e893ea">
      <![CDATA[java.lang.AssertionError: ❌ Failed to post audio: invalid argument: File not found : C:\Users\Keshav Srivastava\eclipse-workspace\testing\src\test\resources\sample_audio.mp3
  (Session info: chrome=138.0.7204.50)
Build info: version: '4.14.0', revision: 'e5a96349ce'
System info: os.name: 'Windows 11', os.arch: 'amd64', os.version: '10.0', java.version: '21.0.7'
Driver info: org.openqa.selenium.remote.RemoteWebDriver
Command: [a0bf9cf8668db09619d846a6a1e893ea, sendKeysToElement {id=f.923B87B2670ED39613D9D8E9984C4781.d.F2A924E8B4A58FAAB458B841C0130ED5.e.476, value=[Ljava.lang.CharSequence;@6e43ddd6}]
Capabilities {acceptInsecureCerts: false, browserName: chrome, browserVersion: 138.0.7204.50, chrome: {chromedriverVersion: 138.0.7204.50 (0d4712a3edf9..., userDataDir: C:\Windows\SystemTemp\scope...}, fedcm:accounts: true, goog:chromeOptions: {debuggerAddress: localhost:9225}, networkConnectionEnabled: false, pageLoadStrategy: normal, platformName: windows, proxy: Proxy(), setWindowRect: true, strictFileInteractability: false, timeouts: {implicit: 0, pageLoad: 300000, script: 30000}, unhandledPromptBehavior: dismiss and notify, webauthn:extension:credBlob: true, webauthn:extension:largeBlob: true, webauthn:extension:minPinLength: true, webauthn:extension:prf: true, webauthn:virtualAuthenticators: true}
Element: [[RemoteWebDriver: chrome on windows (a0bf9cf8668db09619d846a6a1e893ea)] -> css selector: input[type='file']]
Session ID: a0bf9cf8668db09619d846a6a1e893ea
at pages.HobbyClubPage.postAudioOnly(HobbyClubPage.java:291)
at testngsuite.HobbyClubTest.testPostAudioBuzz(HobbyClubTest.java:119)
at java.base/java.util.ArrayList.forEach(ArrayList.java:1596)
... Removed 26 stack frames]]>
    </failure>
  </testcase> <!-- testPostAudioBuzz -->
  <testcase classname="testngsuite.HobbyClubTest" name="testPostVideoBuzz" time="2.751">
    <failure type="java.lang.AssertionError" message="❌ Failed to post video: invalid argument: File not found : C:\Users\Keshav Srivastava\eclipse-workspace\testing\src\test\resources\sample_video.mp4
  (Session info: chrome=138.0.7204.50)
Build info: version: &amp;apos;4.14.0&amp;apos;, revision: &amp;apos;e5a96349ce&amp;apos;
System info: os.name: &amp;apos;Windows 11&amp;apos;, os.arch: &amp;apos;amd64&amp;apos;, os.version: &amp;apos;10.0&amp;apos;, java.version: &amp;apos;21.0.7&amp;apos;
Driver info: org.openqa.selenium.remote.RemoteWebDriver
Command: [a0bf9cf8668db09619d846a6a1e893ea, sendKeysToElement {id=f.923B87B2670ED39613D9D8E9984C4781.d.F2A924E8B4A58FAAB458B841C0130ED5.e.476, value=[Ljava.lang.CharSequence;@76464795}]
Capabilities {acceptInsecureCerts: false, browserName: chrome, browserVersion: 138.0.7204.50, chrome: {chromedriverVersion: 138.0.7204.50 (0d4712a3edf9..., userDataDir: C:\Windows\SystemTemp\scope...}, fedcm:accounts: true, goog:chromeOptions: {debuggerAddress: localhost:9225}, networkConnectionEnabled: false, pageLoadStrategy: normal, platformName: windows, proxy: Proxy(), setWindowRect: true, strictFileInteractability: false, timeouts: {implicit: 0, pageLoad: 300000, script: 30000}, unhandledPromptBehavior: dismiss and notify, webauthn:extension:credBlob: true, webauthn:extension:largeBlob: true, webauthn:extension:minPinLength: true, webauthn:extension:prf: true, webauthn:virtualAuthenticators: true}
Element: [[RemoteWebDriver: chrome on windows (a0bf9cf8668db09619d846a6a1e893ea)] -&amp;gt; css selector: input[type=&amp;apos;file&amp;apos;][accept*=&amp;apos;video&amp;apos;]]
Session ID: a0bf9cf8668db09619d846a6a1e893ea">
      <![CDATA[java.lang.AssertionError: ❌ Failed to post video: invalid argument: File not found : C:\Users\Keshav Srivastava\eclipse-workspace\testing\src\test\resources\sample_video.mp4
  (Session info: chrome=138.0.7204.50)
Build info: version: '4.14.0', revision: 'e5a96349ce'
System info: os.name: 'Windows 11', os.arch: 'amd64', os.version: '10.0', java.version: '21.0.7'
Driver info: org.openqa.selenium.remote.RemoteWebDriver
Command: [a0bf9cf8668db09619d846a6a1e893ea, sendKeysToElement {id=f.923B87B2670ED39613D9D8E9984C4781.d.F2A924E8B4A58FAAB458B841C0130ED5.e.476, value=[Ljava.lang.CharSequence;@76464795}]
Capabilities {acceptInsecureCerts: false, browserName: chrome, browserVersion: 138.0.7204.50, chrome: {chromedriverVersion: 138.0.7204.50 (0d4712a3edf9..., userDataDir: C:\Windows\SystemTemp\scope...}, fedcm:accounts: true, goog:chromeOptions: {debuggerAddress: localhost:9225}, networkConnectionEnabled: false, pageLoadStrategy: normal, platformName: windows, proxy: Proxy(), setWindowRect: true, strictFileInteractability: false, timeouts: {implicit: 0, pageLoad: 300000, script: 30000}, unhandledPromptBehavior: dismiss and notify, webauthn:extension:credBlob: true, webauthn:extension:largeBlob: true, webauthn:extension:minPinLength: true, webauthn:extension:prf: true, webauthn:virtualAuthenticators: true}
Element: [[RemoteWebDriver: chrome on windows (a0bf9cf8668db09619d846a6a1e893ea)] -> css selector: input[type='file'][accept*='video']]
Session ID: a0bf9cf8668db09619d846a6a1e893ea
at pages.HobbyClubPage.postVideoOnly(HobbyClubPage.java:467)
at testngsuite.HobbyClubTest.testPostVideoBuzz(HobbyClubTest.java:127)
at java.base/java.util.ArrayList.forEach(ArrayList.java:1596)
... Removed 26 stack frames]]>
    </failure>
  </testcase> <!-- testPostVideoBuzz -->
  <testcase classname="testngsuite.HobbyClubTest" name="testPostBuzzAndClickLike" time="12.314"/>
  <testcase classname="testngsuite.HobbyClubTest" name="testPostBuzzAndComment" time="10.142">
    <failure type="java.lang.AssertionError" message="❌ Post time is not within 5 minutes. expected [true] but found [false]">
      <![CDATA[java.lang.AssertionError: ❌ Post time is not within 5 minutes. expected [true] but found [false]
at pages.HobbyClubPage.verifyLastTextPost(HobbyClubPage.java:259)
at pages.HobbyClubPage.postBuzzAndComment(HobbyClubPage.java:508)
at testngsuite.HobbyClubTest.testPostBuzzAndComment(HobbyClubTest.java:142)
at java.base/java.util.ArrayList.forEach(ArrayList.java:1596)
... Removed 28 stack frames]]>
    </failure>
  </testcase> <!-- testPostBuzzAndComment -->
  <testcase classname="testngsuite.HobbyClubTest" name="testCommentAndDeleteExistingPost" time="27.006"/>
  <testcase classname="testngsuite.HobbyClubTest" name="testDeleteBuzzPost" time="21.325"/>
  <testcase classname="testngsuite.HobbyClubTest" name="testVerifyMemberCounts" time="4.391">
    <failure type="org.openqa.selenium.ElementClickInterceptedException" message="element click intercepted: Element &amp;lt;div id=&amp;quot;...&amp;quot; class=&amp;quot;py-2 px-6 cursor-pointer
                   &amp;quot;&amp;gt;Members&amp;lt;/div&amp;gt; is not clickable at point (423, 19). Other element would receive the click: &amp;lt;div class=&amp;quot;flex items-center w-1/3 gap-6&amp;quot;&amp;gt;...&amp;lt;/div&amp;gt;
  (Session info: chrome=138.0.7204.50)
Build info: version: &amp;apos;4.14.0&amp;apos;, revision: &amp;apos;e5a96349ce&amp;apos;
System info: os.name: &amp;apos;Windows 11&amp;apos;, os.arch: &amp;apos;amd64&amp;apos;, os.version: &amp;apos;10.0&amp;apos;, java.version: &amp;apos;21.0.7&amp;apos;
Driver info: org.openqa.selenium.remote.RemoteWebDriver
Command: [a0bf9cf8668db09619d846a6a1e893ea, clickElement {id=f.923B87B2670ED39613D9D8E9984C4781.d.F2A924E8B4A58FAAB458B841C0130ED5.e.628}]
Capabilities {acceptInsecureCerts: false, browserName: chrome, browserVersion: 138.0.7204.50, chrome: {chromedriverVersion: 138.0.7204.50 (0d4712a3edf9..., userDataDir: C:\Windows\SystemTemp\scope...}, fedcm:accounts: true, goog:chromeOptions: {debuggerAddress: localhost:9225}, networkConnectionEnabled: false, pageLoadStrategy: normal, platformName: windows, proxy: Proxy(), setWindowRect: true, strictFileInteractability: false, timeouts: {implicit: 0, pageLoad: 300000, script: 30000}, unhandledPromptBehavior: dismiss and notify, webauthn:extension:credBlob: true, webauthn:extension:largeBlob: true, webauthn:extension:minPinLength: true, webauthn:extension:prf: true, webauthn:virtualAuthenticators: true}
Element: [[RemoteWebDriver: chrome on windows (a0bf9cf8668db09619d846a6a1e893ea)] -&amp;gt; id: Members]
Session ID: a0bf9cf8668db09619d846a6a1e893ea">
      <![CDATA[org.openqa.selenium.ElementClickInterceptedException: element click intercepted: Element <div id="..." class="py-2 px-6 cursor-pointer
                   ">Members</div> is not clickable at point (423, 19). Other element would receive the click: <div class="flex items-center w-1/3 gap-6">...</div>
  (Session info: chrome=138.0.7204.50)
Build info: version: '4.14.0', revision: 'e5a96349ce'
System info: os.name: 'Windows 11', os.arch: 'amd64', os.version: '10.0', java.version: '21.0.7'
Driver info: org.openqa.selenium.remote.RemoteWebDriver
Command: [a0bf9cf8668db09619d846a6a1e893ea, clickElement {id=f.923B87B2670ED39613D9D8E9984C4781.d.F2A924E8B4A58FAAB458B841C0130ED5.e.628}]
Capabilities {acceptInsecureCerts: false, browserName: chrome, browserVersion: 138.0.7204.50, chrome: {chromedriverVersion: 138.0.7204.50 (0d4712a3edf9..., userDataDir: C:\Windows\SystemTemp\scope...}, fedcm:accounts: true, goog:chromeOptions: {debuggerAddress: localhost:9225}, networkConnectionEnabled: false, pageLoadStrategy: normal, platformName: windows, proxy: Proxy(), setWindowRect: true, strictFileInteractability: false, timeouts: {implicit: 0, pageLoad: 300000, script: 30000}, unhandledPromptBehavior: dismiss and notify, webauthn:extension:credBlob: true, webauthn:extension:largeBlob: true, webauthn:extension:minPinLength: true, webauthn:extension:prf: true, webauthn:virtualAuthenticators: true}
Element: [[RemoteWebDriver: chrome on windows (a0bf9cf8668db09619d846a6a1e893ea)] -> id: Members]
Session ID: a0bf9cf8668db09619d846a6a1e893ea
at org.openqa.selenium.remote.codec.w3c.W3CHttpResponseCodec.createException(W3CHttpResponseCodec.java:200)
at org.openqa.selenium.remote.codec.w3c.W3CHttpResponseCodec.decode(W3CHttpResponseCodec.java:133)
at org.openqa.selenium.remote.codec.w3c.W3CHttpResponseCodec.decode(W3CHttpResponseCodec.java:52)
at org.openqa.selenium.remote.HttpCommandExecutor.execute(HttpCommandExecutor.java:191)
at org.openqa.selenium.remote.TracedCommandExecutor.execute(TracedCommandExecutor.java:51)
at org.openqa.selenium.remote.RemoteWebDriver.execute(RemoteWebDriver.java:602)
at org.openqa.selenium.remote.RemoteWebElement.execute(RemoteWebElement.java:224)
at org.openqa.selenium.remote.RemoteWebElement.click(RemoteWebElement.java:77)
at pages.HobbyClubPage.verifyMemberCountsMatch(HobbyClubPage.java:660)
at testngsuite.HobbyClubTest.testVerifyMemberCounts(HobbyClubTest.java:162)
at java.base/java.util.ArrayList.forEach(ArrayList.java:1596)
... Removed 28 stack frames]]>
    </failure>
  </testcase> <!-- testVerifyMemberCounts -->
  <testcase classname="testngsuite.HobbyClubTest" name="testSearchAndValidateLukeCooperCardVisible" time="2.919">
    <failure type="org.openqa.selenium.ElementClickInterceptedException" message="element click intercepted: Element &amp;lt;div id=&amp;quot;...&amp;quot; class=&amp;quot;py-2 px-6 cursor-pointer
                   &amp;quot;&amp;gt;Members&amp;lt;/div&amp;gt; is not clickable at point (423, 19). Other element would receive the click: &amp;lt;div class=&amp;quot;flex items-center w-1/3 gap-6&amp;quot;&amp;gt;...&amp;lt;/div&amp;gt;
  (Session info: chrome=138.0.7204.50)
Build info: version: &amp;apos;4.14.0&amp;apos;, revision: &amp;apos;e5a96349ce&amp;apos;
System info: os.name: &amp;apos;Windows 11&amp;apos;, os.arch: &amp;apos;amd64&amp;apos;, os.version: &amp;apos;10.0&amp;apos;, java.version: &amp;apos;21.0.7&amp;apos;
Driver info: org.openqa.selenium.remote.RemoteWebDriver
Command: [a0bf9cf8668db09619d846a6a1e893ea, clickElement {id=f.923B87B2670ED39613D9D8E9984C4781.d.F2A924E8B4A58FAAB458B841C0130ED5.e.628}]
Capabilities {acceptInsecureCerts: false, browserName: chrome, browserVersion: 138.0.7204.50, chrome: {chromedriverVersion: 138.0.7204.50 (0d4712a3edf9..., userDataDir: C:\Windows\SystemTemp\scope...}, fedcm:accounts: true, goog:chromeOptions: {debuggerAddress: localhost:9225}, networkConnectionEnabled: false, pageLoadStrategy: normal, platformName: windows, proxy: Proxy(), setWindowRect: true, strictFileInteractability: false, timeouts: {implicit: 0, pageLoad: 300000, script: 30000}, unhandledPromptBehavior: dismiss and notify, webauthn:extension:credBlob: true, webauthn:extension:largeBlob: true, webauthn:extension:minPinLength: true, webauthn:extension:prf: true, webauthn:virtualAuthenticators: true}
Element: [[RemoteWebDriver: chrome on windows (a0bf9cf8668db09619d846a6a1e893ea)] -&amp;gt; id: Members]
Session ID: a0bf9cf8668db09619d846a6a1e893ea">
      <![CDATA[org.openqa.selenium.ElementClickInterceptedException: element click intercepted: Element <div id="..." class="py-2 px-6 cursor-pointer
                   ">Members</div> is not clickable at point (423, 19). Other element would receive the click: <div class="flex items-center w-1/3 gap-6">...</div>
  (Session info: chrome=138.0.7204.50)
Build info: version: '4.14.0', revision: 'e5a96349ce'
System info: os.name: 'Windows 11', os.arch: 'amd64', os.version: '10.0', java.version: '21.0.7'
Driver info: org.openqa.selenium.remote.RemoteWebDriver
Command: [a0bf9cf8668db09619d846a6a1e893ea, clickElement {id=f.923B87B2670ED39613D9D8E9984C4781.d.F2A924E8B4A58FAAB458B841C0130ED5.e.628}]
Capabilities {acceptInsecureCerts: false, browserName: chrome, browserVersion: 138.0.7204.50, chrome: {chromedriverVersion: 138.0.7204.50 (0d4712a3edf9..., userDataDir: C:\Windows\SystemTemp\scope...}, fedcm:accounts: true, goog:chromeOptions: {debuggerAddress: localhost:9225}, networkConnectionEnabled: false, pageLoadStrategy: normal, platformName: windows, proxy: Proxy(), setWindowRect: true, strictFileInteractability: false, timeouts: {implicit: 0, pageLoad: 300000, script: 30000}, unhandledPromptBehavior: dismiss and notify, webauthn:extension:credBlob: true, webauthn:extension:largeBlob: true, webauthn:extension:minPinLength: true, webauthn:extension:prf: true, webauthn:virtualAuthenticators: true}
Element: [[RemoteWebDriver: chrome on windows (a0bf9cf8668db09619d846a6a1e893ea)] -> id: Members]
Session ID: a0bf9cf8668db09619d846a6a1e893ea
at org.openqa.selenium.remote.codec.w3c.W3CHttpResponseCodec.createException(W3CHttpResponseCodec.java:200)
at org.openqa.selenium.remote.codec.w3c.W3CHttpResponseCodec.decode(W3CHttpResponseCodec.java:133)
at org.openqa.selenium.remote.codec.w3c.W3CHttpResponseCodec.decode(W3CHttpResponseCodec.java:52)
at org.openqa.selenium.remote.HttpCommandExecutor.execute(HttpCommandExecutor.java:191)
at org.openqa.selenium.remote.TracedCommandExecutor.execute(TracedCommandExecutor.java:51)
at org.openqa.selenium.remote.RemoteWebDriver.execute(RemoteWebDriver.java:602)
at org.openqa.selenium.remote.RemoteWebElement.execute(RemoteWebElement.java:224)
at org.openqa.selenium.remote.RemoteWebElement.click(RemoteWebElement.java:77)
at pages.HobbyClubPage.verifyMemberCardVisible(HobbyClubPage.java:689)
at testngsuite.HobbyClubTest.testSearchAndValidateLukeCooperCardVisible(HobbyClubTest.java:167)
at java.base/java.util.ArrayList.forEach(ArrayList.java:1596)
... Removed 28 stack frames]]>
    </failure>
  </testcase> <!-- testSearchAndValidateLukeCooperCardVisible -->
  <testcase classname="testngsuite.HobbyClubTest" name="testJoinAndLeaveClub" time="21.723">
    <failure type="org.openqa.selenium.TimeoutException" message="Expected condition failed: waiting for presence of any elements located by By.xpath: //div[contains(@class,&amp;apos;HobbyCardComponent_hobbyCard&amp;apos;)] (tried for 15 second(s) with 500 milliseconds interval)
Build info: version: &amp;apos;4.14.0&amp;apos;, revision: &amp;apos;e5a96349ce&amp;apos;
System info: os.name: &amp;apos;Windows 11&amp;apos;, os.arch: &amp;apos;amd64&amp;apos;, os.version: &amp;apos;10.0&amp;apos;, java.version: &amp;apos;21.0.7&amp;apos;
Driver info: org.openqa.selenium.remote.RemoteWebDriver
Capabilities {acceptInsecureCerts: false, browserName: chrome, browserVersion: 138.0.7204.50, chrome: {chromedriverVersion: 138.0.7204.50 (0d4712a3edf9..., userDataDir: C:\Windows\SystemTemp\scope...}, fedcm:accounts: true, goog:chromeOptions: {debuggerAddress: localhost:9225}, networkConnectionEnabled: false, pageLoadStrategy: normal, platformName: windows, proxy: Proxy(), setWindowRect: true, strictFileInteractability: false, timeouts: {implicit: 0, pageLoad: 300000, script: 30000}, unhandledPromptBehavior: dismiss and notify, webauthn:extension:credBlob: true, webauthn:extension:largeBlob: true, webauthn:extension:minPinLength: true, webauthn:extension:prf: true, webauthn:virtualAuthenticators: true}
Session ID: a0bf9cf8668db09619d846a6a1e893ea">
      <![CDATA[org.openqa.selenium.TimeoutException: Expected condition failed: waiting for presence of any elements located by By.xpath: //div[contains(@class,'HobbyCardComponent_hobbyCard')] (tried for 15 second(s) with 500 milliseconds interval)
Build info: version: '4.14.0', revision: 'e5a96349ce'
System info: os.name: 'Windows 11', os.arch: 'amd64', os.version: '10.0', java.version: '21.0.7'
Driver info: org.openqa.selenium.remote.RemoteWebDriver
Capabilities {acceptInsecureCerts: false, browserName: chrome, browserVersion: 138.0.7204.50, chrome: {chromedriverVersion: 138.0.7204.50 (0d4712a3edf9..., userDataDir: C:\Windows\SystemTemp\scope...}, fedcm:accounts: true, goog:chromeOptions: {debuggerAddress: localhost:9225}, networkConnectionEnabled: false, pageLoadStrategy: normal, platformName: windows, proxy: Proxy(), setWindowRect: true, strictFileInteractability: false, timeouts: {implicit: 0, pageLoad: 300000, script: 30000}, unhandledPromptBehavior: dismiss and notify, webauthn:extension:credBlob: true, webauthn:extension:largeBlob: true, webauthn:extension:minPinLength: true, webauthn:extension:prf: true, webauthn:virtualAuthenticators: true}
Session ID: a0bf9cf8668db09619d846a6a1e893ea
at org.openqa.selenium.support.ui.WebDriverWait.timeoutException(WebDriverWait.java:84)
at org.openqa.selenium.support.ui.FluentWait.until(FluentWait.java:230)
at pages.HobbyClubPage.openFirstClub(HobbyClubPage.java:117)
at testngsuite.HobbyClubTest.testJoinAndLeaveClub(HobbyClubTest.java:172)
at java.base/java.util.ArrayList.forEach(ArrayList.java:1596)
... Removed 25 stack frames]]>
    </failure>
  </testcase> <!-- testJoinAndLeaveClub -->
</testsuite> <!-- All Hobby Club Tests -->
