<?xml version="1.0" encoding="UTF-8"?>
<!-- Generated by org.testng.reporters.JUnitXMLReporter -->
<testsuite ignored="0" hostname="KESHAV-AC0275" failures="0" tests="4" name="EdgeTest" time="21.132" errors="0" timestamp="2025-06-25T11:33:20 IST">
  <testcase classname="testngsuite.VendorTests" name="testCountrySelection" time="0.629"/>
  <testcase classname="testngsuite.VendorTests" name="testVendorSectionNavigation" time="5.268"/>
  <testcase classname="testngsuite.VendorTests" name="testVendorExtraction" time="4.002"/>
  <testcase classname="testngsuite.VendorTests" name="testCsvFileGenerated" time="0.01"/>
</testsuite> <!-- EdgeTest -->
