<?xml version="1.0" encoding="UTF-8"?>
<!-- Generated by org.testng.reporters.JUnitXMLReporter -->
<testsuite ignored="0" hostname="KESHAV-AC0275" failures="0" tests="4" name="EdgeTest" time="22.372" errors="0" timestamp="2025-06-25T10:40:08 IST">
  <testcase classname="testngsuite.VendorTests" name="testCountrySelection" time="0.65"/>
  <testcase classname="testngsuite.VendorTests" name="testVendorSectionNavigation" time="5.147"/>
  <testcase classname="testngsuite.VendorTests" name="testVendorExtraction" time="3.666"/>
  <testcase classname="testngsuite.VendorTests" name="testCsvFileGenerated" time="0.016"/>
</testsuite> <!-- EdgeTest -->
