<?xml version="1.0" encoding="UTF-8"?>
<testng-results ignored="0" total="1" passed="1" failed="0" skipped="0">
  <reporter-output>
  </reporter-output>
  <suite started-at="2025-06-30T17:11:30 IST" name="Default suite" finished-at="2025-06-30T17:12:36 IST" duration-ms="65431">
    <groups>
    </groups>
    <test started-at="2025-06-30T17:11:30 IST" name="Default test" finished-at="2025-06-30T17:12:36 IST" duration-ms="65431">
      <class name="testngsuite.HobbyClubTest">
        <test-method is-config="true" signature="setUp(java.lang.String)[pri:0, instance:testngsuite.HobbyClubTest@815b41f]" started-at="2025-06-30T17:11:30 IST" name="setUp" finished-at="2025-06-30T17:12:02 IST" duration-ms="31300" status="PASS">
          <params>
            <param index="0">
              <value>
                <![CDATA[false]]>
              </value>
            </param>
          </params>
          <reporter-output>
          </reporter-output>
        </test-method> <!-- setUp -->
        <test-method signature="testJoinAndLeaveClub()[pri:11, instance:testngsuite.HobbyClubTest@815b41f]" started-at="2025-06-30T17:12:02 IST" name="testJoinAndLeaveClub" finished-at="2025-06-30T17:12:35 IST" duration-ms="33415" status="PASS">
          <reporter-output>
          </reporter-output>
        </test-method> <!-- testJoinAndLeaveClub -->
        <test-method is-config="true" signature="tearDown()[pri:0, instance:testngsuite.HobbyClubTest@815b41f]" started-at="2025-06-30T17:12:35 IST" name="tearDown" finished-at="2025-06-30T17:12:36 IST" duration-ms="546" status="PASS">
          <reporter-output>
          </reporter-output>
        </test-method> <!-- tearDown -->
      </class> <!-- testngsuite.HobbyClubTest -->
    </test> <!-- Default test -->
  </suite> <!-- Default suite -->
</testng-results>
